{"C:\\Users\\caleb\\Documents\\Hacker\\Back-end\\Desafio Final\\desafio-final-gama-academy\\src\\index.ts": {"path":"C:\\Users\\caleb\\Documents\\Hacker\\Back-end\\Desafio Final\\desafio-final-gama-academy\\src\\index.ts","statementMap":{"0":{"start":{"line":10,"column":0},"end":{"line":10,"column":15}},"1":{"start":{"line":11,"column":12},"end":{"line":11,"column":21}},"2":{"start":{"line":13,"column":0},"end":{"line":13,"column":23}},"3":{"start":{"line":14,"column":0},"end":{"line":14,"column":15}},"4":{"start":{"line":15,"column":0},"end":{"line":15,"column":20}},"5":{"start":{"line":16,"column":0},"end":{"line":16,"column":20}}},"fnMap":{},"branchMap":{},"s":{"0":1,"1":1,"2":1,"3":1,"4":1,"5":1},"f":{},"b":{},"_coverageSchema":"1a1c01bbd47fc00a2c39e90264f33305004495a9","hash":"860f8ccd42d89e31e98ba40424abbb65a39b0b80"}
,"C:\\Users\\caleb\\Documents\\Hacker\\Back-end\\Desafio Final\\desafio-final-gama-academy\\src\\config\\index.ts": {"path":"C:\\Users\\caleb\\Documents\\Hacker\\Back-end\\Desafio Final\\desafio-final-gama-academy\\src\\config\\index.ts","statementMap":{"0":{"start":{"line":1,"column":22},"end":{"line":4,"column":1}}},"fnMap":{},"branchMap":{},"s":{"0":1},"f":{},"b":{},"_coverageSchema":"1a1c01bbd47fc00a2c39e90264f33305004495a9","hash":"dc1df584094fb3d6c73c8e7c9b57048e3e8749fe"}
,"C:\\Users\\caleb\\Documents\\Hacker\\Back-end\\Desafio Final\\desafio-final-gama-academy\\src\\middlewares\\auth.ts": {"path":"C:\\Users\\caleb\\Documents\\Hacker\\Back-end\\Desafio Final\\desafio-final-gama-academy\\src\\middlewares\\auth.ts","statementMap":{"0":{"start":{"line":4,"column":23},"end":{"line":9,"column":2}},"1":{"start":{"line":8,"column":23},"end":{"line":8,"column":63}}},"fnMap":{"0":{"name":"(anonymous_0)","decl":{"start":{"line":8,"column":14},"end":{"line":8,"column":15}},"loc":{"start":{"line":8,"column":23},"end":{"line":8,"column":63}},"line":8}},"branchMap":{},"s":{"0":1,"1":0},"f":{"0":0},"b":{},"_coverageSchema":"1a1c01bbd47fc00a2c39e90264f33305004495a9","hash":"b48c9574042232726f9385b73c5fb1219b95acf5"}
,"C:\\Users\\caleb\\Documents\\Hacker\\Back-end\\Desafio Final\\desafio-final-gama-academy\\src\\middlewares\\categoriaError.ts": {"path":"C:\\Users\\caleb\\Documents\\Hacker\\Back-end\\Desafio Final\\desafio-final-gama-academy\\src\\middlewares\\categoriaError.ts","statementMap":{"0":{"start":{"line":9,"column":2},"end":{"line":18,"column":3}},"1":{"start":{"line":10,"column":27},"end":{"line":12,"column":6}},"2":{"start":{"line":13,"column":4},"end":{"line":15,"column":5}},"3":{"start":{"line":14,"column":6},"end":{"line":14,"column":86}},"4":{"start":{"line":15,"column":6},"end":{"line":15,"column":20}},"5":{"start":{"line":17,"column":4},"end":{"line":17,"column":75}}},"fnMap":{"0":{"name":"categoriaError","decl":{"start":{"line":4,"column":15},"end":{"line":4,"column":29}},"loc":{"start":{"line":8,"column":1},"end":{"line":19,"column":1}},"line":8}},"branchMap":{"0":{"loc":{"start":{"line":13,"column":4},"end":{"line":15,"column":5}},"type":"if","locations":[{"start":{"line":13,"column":4},"end":{"line":15,"column":5}},{"start":{},"end":{}}],"line":13}},"s":{"0":0,"1":0,"2":0,"3":0,"4":0,"5":0},"f":{"0":0},"b":{"0":[0,0]},"_coverageSchema":"1a1c01bbd47fc00a2c39e90264f33305004495a9","hash":"1d97623736dfbb35568cf149ea66297992da1938"}
,"C:\\Users\\caleb\\Documents\\Hacker\\Back-end\\Desafio Final\\desafio-final-gama-academy\\src\\middlewares\\handleError.ts": {"path":"C:\\Users\\caleb\\Documents\\Hacker\\Back-end\\Desafio Final\\desafio-final-gama-academy\\src\\middlewares\\handleError.ts","statementMap":{"0":{"start":{"line":15,"column":2},"end":{"line":28,"column":5}},"1":{"start":{"line":16,"column":4},"end":{"line":20,"column":5}},"2":{"start":{"line":17,"column":6},"end":{"line":19,"column":9}},"3":{"start":{"line":20,"column":6},"end":{"line":24,"column":5}},"4":{"start":{"line":21,"column":6},"end":{"line":23,"column":9}},"5":{"start":{"line":25,"column":8},"end":{"line":27,"column":11}}},"fnMap":{"0":{"name":"handleError","decl":{"start":{"line":9,"column":9},"end":{"line":9,"column":20}},"loc":{"start":{"line":14,"column":8},"end":{"line":29,"column":1}},"line":14}},"branchMap":{"0":{"loc":{"start":{"line":16,"column":4},"end":{"line":20,"column":5}},"type":"if","locations":[{"start":{"line":16,"column":4},"end":{"line":20,"column":5}},{"start":{},"end":{}}],"line":16},"1":{"loc":{"start":{"line":20,"column":6},"end":{"line":24,"column":5}},"type":"if","locations":[{"start":{"line":20,"column":6},"end":{"line":24,"column":5}},{"start":{},"end":{}}],"line":20}},"s":{"0":0,"1":0,"2":0,"3":0,"4":0,"5":0},"f":{"0":0},"b":{"0":[0,0],"1":[0,0]},"_coverageSchema":"1a1c01bbd47fc00a2c39e90264f33305004495a9","hash":"c5daf1ca32f0725ae92475c41475621413271bcb"}
,"C:\\Users\\caleb\\Documents\\Hacker\\Back-end\\Desafio Final\\desafio-final-gama-academy\\src\\middlewares\\idResquestError.ts": {"path":"C:\\Users\\caleb\\Documents\\Hacker\\Back-end\\Desafio Final\\desafio-final-gama-academy\\src\\middlewares\\idResquestError.ts","statementMap":{"0":{"start":{"line":9,"column":2},"end":{"line":20,"column":3}},"1":{"start":{"line":10,"column":22},"end":{"line":10,"column":63}},"2":{"start":{"line":11,"column":6},"end":{"line":13,"column":7}},"3":{"start":{"line":12,"column":8},"end":{"line":12,"column":22}},"4":{"start":{"line":14,"column":6},"end":{"line":16,"column":7}},"5":{"start":{"line":15,"column":8},"end":{"line":15,"column":22}},"6":{"start":{"line":17,"column":6},"end":{"line":17,"column":60}},"7":{"start":{"line":19,"column":4},"end":{"line":19,"column":73}}},"fnMap":{"0":{"name":"idRequestError","decl":{"start":{"line":4,"column":15},"end":{"line":4,"column":29}},"loc":{"start":{"line":8,"column":1},"end":{"line":21,"column":1}},"line":8}},"branchMap":{"0":{"loc":{"start":{"line":11,"column":6},"end":{"line":13,"column":7}},"type":"if","locations":[{"start":{"line":11,"column":6},"end":{"line":13,"column":7}},{"start":{},"end":{}}],"line":11},"1":{"loc":{"start":{"line":14,"column":6},"end":{"line":16,"column":7}},"type":"if","locations":[{"start":{"line":14,"column":6},"end":{"line":16,"column":7}},{"start":{},"end":{}}],"line":14}},"s":{"0":0,"1":0,"2":0,"3":0,"4":0,"5":0,"6":0,"7":0},"f":{"0":0},"b":{"0":[0,0],"1":[0,0]},"_coverageSchema":"1a1c01bbd47fc00a2c39e90264f33305004495a9","hash":"52dd7d82487ee1588352790ed04a60b36804656e"}
,"C:\\Users\\caleb\\Documents\\Hacker\\Back-end\\Desafio Final\\desafio-final-gama-academy\\src\\middlewares\\isAdminError.ts": {"path":"C:\\Users\\caleb\\Documents\\Hacker\\Back-end\\Desafio Final\\desafio-final-gama-academy\\src\\middlewares\\isAdminError.ts","statementMap":{"0":{"start":{"line":9,"column":2},"end":{"line":17,"column":3}},"1":{"start":{"line":10,"column":20},"end":{"line":10,"column":61}},"2":{"start":{"line":11,"column":4},"end":{"line":13,"column":7}},"3":{"start":{"line":12,"column":8},"end":{"line":12,"column":73}},"4":{"start":{"line":14,"column":6},"end":{"line":14,"column":20}},"5":{"start":{"line":16,"column":4},"end":{"line":16,"column":73}}},"fnMap":{"0":{"name":"isAdminError","decl":{"start":{"line":4,"column":15},"end":{"line":4,"column":27}},"loc":{"start":{"line":8,"column":1},"end":{"line":18,"column":1}},"line":8}},"branchMap":{"0":{"loc":{"start":{"line":11,"column":4},"end":{"line":13,"column":7}},"type":"if","locations":[{"start":{"line":11,"column":4},"end":{"line":13,"column":7}},{"start":{},"end":{}}],"line":11}},"s":{"0":0,"1":0,"2":0,"3":0,"4":0,"5":0},"f":{"0":0},"b":{"0":[0,0]},"_coverageSchema":"1a1c01bbd47fc00a2c39e90264f33305004495a9","hash":"3cae5cf96e3b26eeb321321617b05b0382a09eb5"}
,"C:\\Users\\caleb\\Documents\\Hacker\\Back-end\\Desafio Final\\desafio-final-gama-academy\\src\\models\\Categorias.ts": {"path":"C:\\Users\\caleb\\Documents\\Hacker\\Back-end\\Desafio Final\\desafio-final-gama-academy\\src\\models\\Categorias.ts","statementMap":{"0":{"start":{"line":7,"column":24},"end":{"line":13,"column":1}},"1":{"start":{"line":15,"column":18},"end":{"line":15,"column":64}}},"fnMap":{},"branchMap":{},"s":{"0":1,"1":1},"f":{},"b":{},"_coverageSchema":"1a1c01bbd47fc00a2c39e90264f33305004495a9","hash":"687f9c6ccdcafda86941f628f6769731ec7a9109"}
,"C:\\Users\\caleb\\Documents\\Hacker\\Back-end\\Desafio Final\\desafio-final-gama-academy\\src\\models\\Cupom.ts": {"path":"C:\\Users\\caleb\\Documents\\Hacker\\Back-end\\Desafio Final\\desafio-final-gama-academy\\src\\models\\Cupom.ts","statementMap":{"0":{"start":{"line":8,"column":20},"end":{"line":15,"column":1}},"1":{"start":{"line":17,"column":14},"end":{"line":17,"column":48}}},"fnMap":{},"branchMap":{},"s":{"0":1,"1":1},"f":{},"b":{},"_coverageSchema":"1a1c01bbd47fc00a2c39e90264f33305004495a9","hash":"a4a8b2055b33a06591cd0d9af6fd282f280e6e7e"}
,"C:\\Users\\caleb\\Documents\\Hacker\\Back-end\\Desafio Final\\desafio-final-gama-academy\\src\\models\\Livros.ts": {"path":"C:\\Users\\caleb\\Documents\\Hacker\\Back-end\\Desafio Final\\desafio-final-gama-academy\\src\\models\\Livros.ts","statementMap":{"0":{"start":{"line":13,"column":20},"end":{"line":24,"column":1}},"1":{"start":{"line":26,"column":14},"end":{"line":26,"column":48}}},"fnMap":{},"branchMap":{},"s":{"0":1,"1":1},"f":{},"b":{},"_coverageSchema":"1a1c01bbd47fc00a2c39e90264f33305004495a9","hash":"d72bdf8ca8f831379a63e7726a71ecabe1e596b3"}
,"C:\\Users\\caleb\\Documents\\Hacker\\Back-end\\Desafio Final\\desafio-final-gama-academy\\src\\models\\Pedidos.ts": {"path":"C:\\Users\\caleb\\Documents\\Hacker\\Back-end\\Desafio Final\\desafio-final-gama-academy\\src\\models\\Pedidos.ts","statementMap":{"0":{"start":{"line":13,"column":21},"end":{"line":23,"column":1}},"1":{"start":{"line":25,"column":15},"end":{"line":25,"column":52}}},"fnMap":{},"branchMap":{},"s":{"0":1,"1":1},"f":{},"b":{},"_coverageSchema":"1a1c01bbd47fc00a2c39e90264f33305004495a9","hash":"9cfe2900cca44a38ad2e719798f9242af4f50811"}
,"C:\\Users\\caleb\\Documents\\Hacker\\Back-end\\Desafio Final\\desafio-final-gama-academy\\src\\models\\Usuarios.ts": {"path":"C:\\Users\\caleb\\Documents\\Hacker\\Back-end\\Desafio Final\\desafio-final-gama-academy\\src\\models\\Usuarios.ts","statementMap":{"0":{"start":{"line":10,"column":22},"end":{"line":19,"column":1}},"1":{"start":{"line":21,"column":16},"end":{"line":21,"column":56}}},"fnMap":{},"branchMap":{},"s":{"0":1,"1":1},"f":{},"b":{},"_coverageSchema":"1a1c01bbd47fc00a2c39e90264f33305004495a9","hash":"fefc56b95c03c70b0951dc80cbac8966502853e2"}
,"C:\\Users\\caleb\\Documents\\Hacker\\Back-end\\Desafio Final\\desafio-final-gama-academy\\src\\models\\index.ts": {"path":"C:\\Users\\caleb\\Documents\\Hacker\\Back-end\\Desafio Final\\desafio-final-gama-academy\\src\\models\\index.ts","statementMap":{},"fnMap":{},"branchMap":{},"s":{},"f":{},"b":{},"_coverageSchema":"1a1c01bbd47fc00a2c39e90264f33305004495a9","hash":"71fad816f1dc74705e71b89611a68f20681bbbc5"}
,"C:\\Users\\caleb\\Documents\\Hacker\\Back-end\\Desafio Final\\desafio-final-gama-academy\\src\\modules\\authController.ts": {"path":"C:\\Users\\caleb\\Documents\\Hacker\\Back-end\\Desafio Final\\desafio-final-gama-academy\\src\\modules\\authController.ts","statementMap":{"0":{"start":{"line":8,"column":23},"end":{"line":37,"column":1}},"1":{"start":{"line":10,"column":31},"end":{"line":10,"column":39}},"2":{"start":{"line":12,"column":24},"end":{"line":12,"column":56}},"3":{"start":{"line":13,"column":8},"end":{"line":15,"column":9}},"4":{"start":{"line":14,"column":12},"end":{"line":14,"column":64}},"5":{"start":{"line":17,"column":22},"end":{"line":17,"column":68}},"6":{"start":{"line":18,"column":8},"end":{"line":20,"column":9}},"7":{"start":{"line":19,"column":12},"end":{"line":19,"column":58}},"8":{"start":{"line":22,"column":8},"end":{"line":35,"column":9}},"9":{"start":{"line":23,"column":26},"end":{"line":31,"column":13}},"10":{"start":{"line":32,"column":12},"end":{"line":32,"column":35}},"11":{"start":{"line":34,"column":12},"end":{"line":34,"column":76}}},"fnMap":{"0":{"name":"(anonymous_0)","decl":{"start":{"line":9,"column":4},"end":{"line":9,"column":5}},"loc":{"start":{"line":9,"column":46},"end":{"line":36,"column":5}},"line":9}},"branchMap":{"0":{"loc":{"start":{"line":13,"column":8},"end":{"line":15,"column":9}},"type":"if","locations":[{"start":{"line":13,"column":8},"end":{"line":15,"column":9}},{"start":{},"end":{}}],"line":13},"1":{"loc":{"start":{"line":18,"column":8},"end":{"line":20,"column":9}},"type":"if","locations":[{"start":{"line":18,"column":8},"end":{"line":20,"column":9}},{"start":{},"end":{}}],"line":18}},"s":{"0":1,"1":0,"2":0,"3":0,"4":0,"5":0,"6":0,"7":0,"8":0,"9":0,"10":0,"11":0},"f":{"0":0},"b":{"0":[0,0],"1":[0,0]},"_coverageSchema":"1a1c01bbd47fc00a2c39e90264f33305004495a9","hash":"bdb619dbdd06868eab907d4880d04349fb7bc2c7"}
,"C:\\Users\\caleb\\Documents\\Hacker\\Back-end\\Desafio Final\\desafio-final-gama-academy\\src\\modules\\categoriaController.ts": {"path":"C:\\Users\\caleb\\Documents\\Hacker\\Back-end\\Desafio Final\\desafio-final-gama-academy\\src\\modules\\categoriaController.ts","statementMap":{"0":{"start":{"line":4,"column":28},"end":{"line":75,"column":1}},"1":{"start":{"line":6,"column":23},"end":{"line":6,"column":31}},"2":{"start":{"line":7,"column":8},"end":{"line":14,"column":9}},"3":{"start":{"line":8,"column":33},"end":{"line":10,"column":14}},"4":{"start":{"line":11,"column":12},"end":{"line":11,"column":54}},"5":{"start":{"line":13,"column":12},"end":{"line":13,"column":80}},"6":{"start":{"line":18,"column":8},"end":{"line":23,"column":9}},"7":{"start":{"line":19,"column":31},"end":{"line":19,"column":53}},"8":{"start":{"line":20,"column":12},"end":{"line":20,"column":40}},"9":{"start":{"line":22,"column":12},"end":{"line":22,"column":77}},"10":{"start":{"line":27,"column":23},"end":{"line":27,"column":33}},"11":{"start":{"line":28,"column":31},"end":{"line":28,"column":59}},"12":{"start":{"line":29,"column":8},"end":{"line":31,"column":9}},"13":{"start":{"line":30,"column":12},"end":{"line":30,"column":62}},"14":{"start":{"line":32,"column":8},"end":{"line":37,"column":9}},"15":{"start":{"line":33,"column":30},"end":{"line":33,"column":58}},"16":{"start":{"line":34,"column":12},"end":{"line":34,"column":39}},"17":{"start":{"line":36,"column":12},"end":{"line":36,"column":77}},"18":{"start":{"line":41,"column":23},"end":{"line":41,"column":33}},"19":{"start":{"line":42,"column":25},"end":{"line":42,"column":33}},"20":{"start":{"line":43,"column":31},"end":{"line":43,"column":59}},"21":{"start":{"line":44,"column":8},"end":{"line":46,"column":9}},"22":{"start":{"line":45,"column":12},"end":{"line":45,"column":62}},"23":{"start":{"line":47,"column":8},"end":{"line":59,"column":9}},"24":{"start":{"line":48,"column":12},"end":{"line":55,"column":15}},"25":{"start":{"line":56,"column":12},"end":{"line":56,"column":67}},"26":{"start":{"line":58,"column":12},"end":{"line":58,"column":77}},"27":{"start":{"line":63,"column":23},"end":{"line":63,"column":33}},"28":{"start":{"line":64,"column":31},"end":{"line":64,"column":59}},"29":{"start":{"line":65,"column":8},"end":{"line":67,"column":9}},"30":{"start":{"line":66,"column":12},"end":{"line":66,"column":62}},"31":{"start":{"line":68,"column":8},"end":{"line":73,"column":9}},"32":{"start":{"line":69,"column":12},"end":{"line":69,"column":50}},"33":{"start":{"line":70,"column":12},"end":{"line":70,"column":62}},"34":{"start":{"line":72,"column":12},"end":{"line":72,"column":77}}},"fnMap":{"0":{"name":"(anonymous_0)","decl":{"start":{"line":5,"column":4},"end":{"line":5,"column":5}},"loc":{"start":{"line":5,"column":46},"end":{"line":15,"column":5}},"line":5},"1":{"name":"(anonymous_1)","decl":{"start":{"line":17,"column":4},"end":{"line":17,"column":5}},"loc":{"start":{"line":17,"column":47},"end":{"line":24,"column":5}},"line":17},"2":{"name":"(anonymous_2)","decl":{"start":{"line":26,"column":4},"end":{"line":26,"column":5}},"loc":{"start":{"line":26,"column":47},"end":{"line":38,"column":5}},"line":26},"3":{"name":"(anonymous_3)","decl":{"start":{"line":40,"column":4},"end":{"line":40,"column":5}},"loc":{"start":{"line":40,"column":46},"end":{"line":60,"column":5}},"line":40},"4":{"name":"(anonymous_4)","decl":{"start":{"line":62,"column":4},"end":{"line":62,"column":5}},"loc":{"start":{"line":62,"column":46},"end":{"line":74,"column":5}},"line":62}},"branchMap":{"0":{"loc":{"start":{"line":29,"column":8},"end":{"line":31,"column":9}},"type":"if","locations":[{"start":{"line":29,"column":8},"end":{"line":31,"column":9}},{"start":{},"end":{}}],"line":29},"1":{"loc":{"start":{"line":44,"column":8},"end":{"line":46,"column":9}},"type":"if","locations":[{"start":{"line":44,"column":8},"end":{"line":46,"column":9}},{"start":{},"end":{}}],"line":44},"2":{"loc":{"start":{"line":65,"column":8},"end":{"line":67,"column":9}},"type":"if","locations":[{"start":{"line":65,"column":8},"end":{"line":67,"column":9}},{"start":{},"end":{}}],"line":65}},"s":{"0":1,"1":0,"2":0,"3":0,"4":0,"5":0,"6":0,"7":0,"8":0,"9":0,"10":0,"11":0,"12":0,"13":0,"14":0,"15":0,"16":0,"17":0,"18":0,"19":0,"20":0,"21":0,"22":0,"23":0,"24":0,"25":0,"26":0,"27":0,"28":0,"29":0,"30":0,"31":0,"32":0,"33":0,"34":0},"f":{"0":0,"1":0,"2":0,"3":0,"4":0},"b":{"0":[0,0],"1":[0,0],"2":[0,0]},"_coverageSchema":"1a1c01bbd47fc00a2c39e90264f33305004495a9","hash":"e5161987209c07f1fcb11ef9eed9440f321e6ff2"}
,"C:\\Users\\caleb\\Documents\\Hacker\\Back-end\\Desafio Final\\desafio-final-gama-academy\\src\\modules\\cupomController.ts": {"path":"C:\\Users\\caleb\\Documents\\Hacker\\Back-end\\Desafio Final\\desafio-final-gama-academy\\src\\modules\\cupomController.ts","statementMap":{"0":{"start":{"line":4,"column":24},"end":{"line":77,"column":1}},"1":{"start":{"line":6,"column":33},"end":{"line":6,"column":41}},"2":{"start":{"line":7,"column":8},"end":{"line":15,"column":9}},"3":{"start":{"line":8,"column":29},"end":{"line":11,"column":14}},"4":{"start":{"line":12,"column":12},"end":{"line":12,"column":50}},"5":{"start":{"line":14,"column":12},"end":{"line":14,"column":80}},"6":{"start":{"line":19,"column":8},"end":{"line":24,"column":9}},"7":{"start":{"line":20,"column":27},"end":{"line":20,"column":45}},"8":{"start":{"line":21,"column":12},"end":{"line":21,"column":36}},"9":{"start":{"line":23,"column":12},"end":{"line":23,"column":77}},"10":{"start":{"line":28,"column":23},"end":{"line":28,"column":33}},"11":{"start":{"line":29,"column":27},"end":{"line":29,"column":51}},"12":{"start":{"line":30,"column":8},"end":{"line":32,"column":9}},"13":{"start":{"line":31,"column":12},"end":{"line":31,"column":62}},"14":{"start":{"line":33,"column":8},"end":{"line":38,"column":9}},"15":{"start":{"line":34,"column":26},"end":{"line":34,"column":50}},"16":{"start":{"line":35,"column":12},"end":{"line":35,"column":35}},"17":{"start":{"line":37,"column":12},"end":{"line":37,"column":77}},"18":{"start":{"line":42,"column":23},"end":{"line":42,"column":33}},"19":{"start":{"line":43,"column":35},"end":{"line":43,"column":43}},"20":{"start":{"line":44,"column":27},"end":{"line":44,"column":51}},"21":{"start":{"line":45,"column":8},"end":{"line":47,"column":9}},"22":{"start":{"line":46,"column":12},"end":{"line":46,"column":62}},"23":{"start":{"line":48,"column":8},"end":{"line":61,"column":9}},"24":{"start":{"line":49,"column":12},"end":{"line":57,"column":15}},"25":{"start":{"line":58,"column":12},"end":{"line":58,"column":67}},"26":{"start":{"line":60,"column":12},"end":{"line":60,"column":77}},"27":{"start":{"line":65,"column":23},"end":{"line":65,"column":33}},"28":{"start":{"line":66,"column":27},"end":{"line":66,"column":51}},"29":{"start":{"line":67,"column":8},"end":{"line":69,"column":9}},"30":{"start":{"line":68,"column":12},"end":{"line":68,"column":62}},"31":{"start":{"line":70,"column":8},"end":{"line":75,"column":9}},"32":{"start":{"line":71,"column":12},"end":{"line":71,"column":46}},"33":{"start":{"line":72,"column":12},"end":{"line":72,"column":58}},"34":{"start":{"line":74,"column":12},"end":{"line":74,"column":77}}},"fnMap":{"0":{"name":"(anonymous_0)","decl":{"start":{"line":5,"column":4},"end":{"line":5,"column":5}},"loc":{"start":{"line":5,"column":46},"end":{"line":16,"column":5}},"line":5},"1":{"name":"(anonymous_1)","decl":{"start":{"line":18,"column":4},"end":{"line":18,"column":5}},"loc":{"start":{"line":18,"column":47},"end":{"line":25,"column":5}},"line":18},"2":{"name":"(anonymous_2)","decl":{"start":{"line":27,"column":4},"end":{"line":27,"column":5}},"loc":{"start":{"line":27,"column":47},"end":{"line":39,"column":5}},"line":27},"3":{"name":"(anonymous_3)","decl":{"start":{"line":41,"column":4},"end":{"line":41,"column":5}},"loc":{"start":{"line":41,"column":46},"end":{"line":62,"column":5}},"line":41},"4":{"name":"(anonymous_4)","decl":{"start":{"line":64,"column":4},"end":{"line":64,"column":5}},"loc":{"start":{"line":64,"column":46},"end":{"line":76,"column":5}},"line":64}},"branchMap":{"0":{"loc":{"start":{"line":30,"column":8},"end":{"line":32,"column":9}},"type":"if","locations":[{"start":{"line":30,"column":8},"end":{"line":32,"column":9}},{"start":{},"end":{}}],"line":30},"1":{"loc":{"start":{"line":45,"column":8},"end":{"line":47,"column":9}},"type":"if","locations":[{"start":{"line":45,"column":8},"end":{"line":47,"column":9}},{"start":{},"end":{}}],"line":45},"2":{"loc":{"start":{"line":67,"column":8},"end":{"line":69,"column":9}},"type":"if","locations":[{"start":{"line":67,"column":8},"end":{"line":69,"column":9}},{"start":{},"end":{}}],"line":67}},"s":{"0":1,"1":0,"2":0,"3":0,"4":0,"5":0,"6":0,"7":0,"8":0,"9":0,"10":0,"11":0,"12":0,"13":0,"14":0,"15":0,"16":0,"17":0,"18":0,"19":0,"20":0,"21":0,"22":0,"23":0,"24":0,"25":0,"26":0,"27":0,"28":0,"29":0,"30":0,"31":0,"32":0,"33":0,"34":0},"f":{"0":0,"1":0,"2":0,"3":0,"4":0},"b":{"0":[0,0],"1":[0,0],"2":[0,0]},"_coverageSchema":"1a1c01bbd47fc00a2c39e90264f33305004495a9","hash":"766cfef150bda1894a735c370bdf7c1fb6bd1b3f"}
,"C:\\Users\\caleb\\Documents\\Hacker\\Back-end\\Desafio Final\\desafio-final-gama-academy\\src\\modules\\livroController.ts": {"path":"C:\\Users\\caleb\\Documents\\Hacker\\Back-end\\Desafio Final\\desafio-final-gama-academy\\src\\modules\\livroController.ts","statementMap":{"0":{"start":{"line":4,"column":24},"end":{"line":87,"column":1}},"1":{"start":{"line":6,"column":65},"end":{"line":6,"column":73}},"2":{"start":{"line":7,"column":8},"end":{"line":20,"column":9}},"3":{"start":{"line":8,"column":29},"end":{"line":15,"column":14}},"4":{"start":{"line":16,"column":12},"end":{"line":16,"column":49}},"5":{"start":{"line":17,"column":12},"end":{"line":17,"column":50}},"6":{"start":{"line":19,"column":12},"end":{"line":19,"column":80}},"7":{"start":{"line":24,"column":8},"end":{"line":29,"column":9}},"8":{"start":{"line":25,"column":27},"end":{"line":25,"column":45}},"9":{"start":{"line":26,"column":12},"end":{"line":26,"column":36}},"10":{"start":{"line":28,"column":12},"end":{"line":28,"column":77}},"11":{"start":{"line":33,"column":23},"end":{"line":33,"column":33}},"12":{"start":{"line":34,"column":27},"end":{"line":34,"column":51}},"13":{"start":{"line":35,"column":8},"end":{"line":37,"column":9}},"14":{"start":{"line":36,"column":12},"end":{"line":36,"column":62}},"15":{"start":{"line":38,"column":8},"end":{"line":44,"column":9}},"16":{"start":{"line":39,"column":26},"end":{"line":39,"column":50}},"17":{"start":{"line":40,"column":12},"end":{"line":40,"column":47}},"18":{"start":{"line":41,"column":12},"end":{"line":41,"column":34}},"19":{"start":{"line":43,"column":12},"end":{"line":43,"column":77}},"20":{"start":{"line":48,"column":23},"end":{"line":48,"column":33}},"21":{"start":{"line":49,"column":67},"end":{"line":49,"column":75}},"22":{"start":{"line":50,"column":27},"end":{"line":50,"column":51}},"23":{"start":{"line":51,"column":8},"end":{"line":53,"column":9}},"24":{"start":{"line":52,"column":12},"end":{"line":52,"column":62}},"25":{"start":{"line":54,"column":8},"end":{"line":71,"column":9}},"26":{"start":{"line":55,"column":12},"end":{"line":67,"column":14}},"27":{"start":{"line":68,"column":12},"end":{"line":68,"column":67}},"28":{"start":{"line":70,"column":12},"end":{"line":70,"column":77}},"29":{"start":{"line":75,"column":23},"end":{"line":75,"column":33}},"30":{"start":{"line":76,"column":27},"end":{"line":76,"column":51}},"31":{"start":{"line":77,"column":8},"end":{"line":79,"column":9}},"32":{"start":{"line":78,"column":12},"end":{"line":78,"column":62}},"33":{"start":{"line":80,"column":8},"end":{"line":85,"column":9}},"34":{"start":{"line":81,"column":12},"end":{"line":81,"column":45}},"35":{"start":{"line":82,"column":12},"end":{"line":82,"column":58}},"36":{"start":{"line":84,"column":12},"end":{"line":84,"column":77}}},"fnMap":{"0":{"name":"(anonymous_0)","decl":{"start":{"line":5,"column":4},"end":{"line":5,"column":5}},"loc":{"start":{"line":5,"column":46},"end":{"line":21,"column":5}},"line":5},"1":{"name":"(anonymous_1)","decl":{"start":{"line":23,"column":4},"end":{"line":23,"column":5}},"loc":{"start":{"line":23,"column":47},"end":{"line":30,"column":5}},"line":23},"2":{"name":"(anonymous_2)","decl":{"start":{"line":32,"column":4},"end":{"line":32,"column":5}},"loc":{"start":{"line":32,"column":47},"end":{"line":45,"column":5}},"line":32},"3":{"name":"(anonymous_3)","decl":{"start":{"line":47,"column":4},"end":{"line":47,"column":5}},"loc":{"start":{"line":47,"column":46},"end":{"line":72,"column":5}},"line":47},"4":{"name":"(anonymous_4)","decl":{"start":{"line":74,"column":4},"end":{"line":74,"column":5}},"loc":{"start":{"line":74,"column":46},"end":{"line":86,"column":5}},"line":74}},"branchMap":{"0":{"loc":{"start":{"line":35,"column":8},"end":{"line":37,"column":9}},"type":"if","locations":[{"start":{"line":35,"column":8},"end":{"line":37,"column":9}},{"start":{},"end":{}}],"line":35},"1":{"loc":{"start":{"line":51,"column":8},"end":{"line":53,"column":9}},"type":"if","locations":[{"start":{"line":51,"column":8},"end":{"line":53,"column":9}},{"start":{},"end":{}}],"line":51},"2":{"loc":{"start":{"line":77,"column":8},"end":{"line":79,"column":9}},"type":"if","locations":[{"start":{"line":77,"column":8},"end":{"line":79,"column":9}},{"start":{},"end":{}}],"line":77}},"s":{"0":1,"1":0,"2":0,"3":0,"4":0,"5":0,"6":0,"7":0,"8":0,"9":0,"10":0,"11":0,"12":0,"13":0,"14":0,"15":0,"16":0,"17":0,"18":0,"19":0,"20":0,"21":0,"22":0,"23":0,"24":0,"25":0,"26":0,"27":0,"28":0,"29":0,"30":0,"31":0,"32":0,"33":0,"34":0,"35":0,"36":0},"f":{"0":0,"1":0,"2":0,"3":0,"4":0},"b":{"0":[0,0],"1":[0,0],"2":[0,0]},"_coverageSchema":"1a1c01bbd47fc00a2c39e90264f33305004495a9","hash":"4cc3d89da421852386a7d36653f4cef7c40c57c8"}
,"C:\\Users\\caleb\\Documents\\Hacker\\Back-end\\Desafio Final\\desafio-final-gama-academy\\src\\modules\\pedidoController.ts": {"path":"C:\\Users\\caleb\\Documents\\Hacker\\Back-end\\Desafio Final\\desafio-final-gama-academy\\src\\modules\\pedidoController.ts","statementMap":{"0":{"start":{"line":4,"column":25},"end":{"line":87,"column":1}},"1":{"start":{"line":6,"column":54},"end":{"line":6,"column":62}},"2":{"start":{"line":7,"column":8},"end":{"line":20,"column":9}},"3":{"start":{"line":8,"column":30},"end":{"line":13,"column":14}},"4":{"start":{"line":14,"column":12},"end":{"line":14,"column":48}},"5":{"start":{"line":15,"column":12},"end":{"line":15,"column":48}},"6":{"start":{"line":16,"column":12},"end":{"line":16,"column":46}},"7":{"start":{"line":17,"column":12},"end":{"line":17,"column":51}},"8":{"start":{"line":19,"column":12},"end":{"line":19,"column":59}},"9":{"start":{"line":24,"column":8},"end":{"line":29,"column":9}},"10":{"start":{"line":25,"column":28},"end":{"line":25,"column":47}},"11":{"start":{"line":26,"column":12},"end":{"line":26,"column":37}},"12":{"start":{"line":28,"column":12},"end":{"line":28,"column":77}},"13":{"start":{"line":33,"column":23},"end":{"line":33,"column":33}},"14":{"start":{"line":34,"column":28},"end":{"line":34,"column":53}},"15":{"start":{"line":35,"column":8},"end":{"line":37,"column":9}},"16":{"start":{"line":36,"column":12},"end":{"line":36,"column":62}},"17":{"start":{"line":38,"column":8},"end":{"line":46,"column":9}},"18":{"start":{"line":39,"column":27},"end":{"line":39,"column":52}},"19":{"start":{"line":40,"column":12},"end":{"line":40,"column":46}},"20":{"start":{"line":41,"column":12},"end":{"line":41,"column":46}},"21":{"start":{"line":42,"column":12},"end":{"line":42,"column":44}},"22":{"start":{"line":43,"column":12},"end":{"line":43,"column":36}},"23":{"start":{"line":45,"column":12},"end":{"line":45,"column":77}},"24":{"start":{"line":50,"column":23},"end":{"line":50,"column":33}},"25":{"start":{"line":51,"column":55},"end":{"line":51,"column":63}},"26":{"start":{"line":52,"column":28},"end":{"line":52,"column":53}},"27":{"start":{"line":53,"column":8},"end":{"line":55,"column":9}},"28":{"start":{"line":54,"column":12},"end":{"line":54,"column":62}},"29":{"start":{"line":56,"column":8},"end":{"line":71,"column":9}},"30":{"start":{"line":57,"column":12},"end":{"line":67,"column":15}},"31":{"start":{"line":68,"column":12},"end":{"line":68,"column":61}},"32":{"start":{"line":70,"column":12},"end":{"line":70,"column":77}},"33":{"start":{"line":75,"column":23},"end":{"line":75,"column":33}},"34":{"start":{"line":76,"column":28},"end":{"line":76,"column":53}},"35":{"start":{"line":77,"column":8},"end":{"line":79,"column":9}},"36":{"start":{"line":78,"column":12},"end":{"line":78,"column":62}},"37":{"start":{"line":80,"column":8},"end":{"line":85,"column":9}},"38":{"start":{"line":81,"column":12},"end":{"line":81,"column":47}},"39":{"start":{"line":82,"column":12},"end":{"line":82,"column":59}},"40":{"start":{"line":84,"column":12},"end":{"line":84,"column":77}}},"fnMap":{"0":{"name":"(anonymous_0)","decl":{"start":{"line":5,"column":4},"end":{"line":5,"column":5}},"loc":{"start":{"line":5,"column":46},"end":{"line":21,"column":5}},"line":5},"1":{"name":"(anonymous_1)","decl":{"start":{"line":23,"column":4},"end":{"line":23,"column":5}},"loc":{"start":{"line":23,"column":47},"end":{"line":30,"column":5}},"line":23},"2":{"name":"(anonymous_2)","decl":{"start":{"line":32,"column":4},"end":{"line":32,"column":5}},"loc":{"start":{"line":32,"column":47},"end":{"line":47,"column":5}},"line":32},"3":{"name":"(anonymous_3)","decl":{"start":{"line":49,"column":4},"end":{"line":49,"column":5}},"loc":{"start":{"line":49,"column":46},"end":{"line":72,"column":5}},"line":49},"4":{"name":"(anonymous_4)","decl":{"start":{"line":74,"column":4},"end":{"line":74,"column":5}},"loc":{"start":{"line":74,"column":46},"end":{"line":86,"column":5}},"line":74}},"branchMap":{"0":{"loc":{"start":{"line":35,"column":8},"end":{"line":37,"column":9}},"type":"if","locations":[{"start":{"line":35,"column":8},"end":{"line":37,"column":9}},{"start":{},"end":{}}],"line":35},"1":{"loc":{"start":{"line":53,"column":8},"end":{"line":55,"column":9}},"type":"if","locations":[{"start":{"line":53,"column":8},"end":{"line":55,"column":9}},{"start":{},"end":{}}],"line":53},"2":{"loc":{"start":{"line":77,"column":8},"end":{"line":79,"column":9}},"type":"if","locations":[{"start":{"line":77,"column":8},"end":{"line":79,"column":9}},{"start":{},"end":{}}],"line":77}},"s":{"0":1,"1":0,"2":0,"3":0,"4":0,"5":0,"6":0,"7":0,"8":0,"9":0,"10":0,"11":0,"12":0,"13":0,"14":0,"15":0,"16":0,"17":0,"18":0,"19":0,"20":0,"21":0,"22":0,"23":0,"24":0,"25":0,"26":0,"27":0,"28":0,"29":0,"30":0,"31":0,"32":0,"33":0,"34":0,"35":0,"36":0,"37":0,"38":0,"39":0,"40":0},"f":{"0":0,"1":0,"2":0,"3":0,"4":0},"b":{"0":[0,0],"1":[0,0],"2":[0,0]},"_coverageSchema":"1a1c01bbd47fc00a2c39e90264f33305004495a9","hash":"308ac39849e3d09e825971a8a9427a46e157639a"}
,"C:\\Users\\caleb\\Documents\\Hacker\\Back-end\\Desafio Final\\desafio-final-gama-academy\\src\\modules\\senhaController.ts": {"path":"C:\\Users\\caleb\\Documents\\Hacker\\Back-end\\Desafio Final\\desafio-final-gama-academy\\src\\modules\\senhaController.ts","statementMap":{"0":{"start":{"line":7,"column":17},"end":{"line":32,"column":1}},"1":{"start":{"line":9,"column":23},"end":{"line":9,"column":33}},"2":{"start":{"line":10,"column":53},"end":{"line":10,"column":61}},"3":{"start":{"line":11,"column":28},"end":{"line":11,"column":57}},"4":{"start":{"line":12,"column":29},"end":{"line":12,"column":55}},"5":{"start":{"line":13,"column":8},"end":{"line":30,"column":9}},"6":{"start":{"line":14,"column":12},"end":{"line":16,"column":13}},"7":{"start":{"line":15,"column":16},"end":{"line":15,"column":65}},"8":{"start":{"line":17,"column":26},"end":{"line":17,"column":77}},"9":{"start":{"line":18,"column":12},"end":{"line":20,"column":13}},"10":{"start":{"line":19,"column":16},"end":{"line":19,"column":62}},"11":{"start":{"line":21,"column":12},"end":{"line":23,"column":13}},"12":{"start":{"line":22,"column":16},"end":{"line":22,"column":67}},"13":{"start":{"line":25,"column":12},"end":{"line":25,"column":64}},"14":{"start":{"line":27,"column":12},"end":{"line":27,"column":67}},"15":{"start":{"line":29,"column":12},"end":{"line":29,"column":77}}},"fnMap":{"0":{"name":"(anonymous_0)","decl":{"start":{"line":8,"column":4},"end":{"line":8,"column":5}},"loc":{"start":{"line":8,"column":46},"end":{"line":31,"column":5}},"line":8}},"branchMap":{"0":{"loc":{"start":{"line":14,"column":12},"end":{"line":16,"column":13}},"type":"if","locations":[{"start":{"line":14,"column":12},"end":{"line":16,"column":13}},{"start":{},"end":{}}],"line":14},"1":{"loc":{"start":{"line":18,"column":12},"end":{"line":20,"column":13}},"type":"if","locations":[{"start":{"line":18,"column":12},"end":{"line":20,"column":13}},{"start":{},"end":{}}],"line":18},"2":{"loc":{"start":{"line":21,"column":12},"end":{"line":23,"column":13}},"type":"if","locations":[{"start":{"line":21,"column":12},"end":{"line":23,"column":13}},{"start":{},"end":{}}],"line":21}},"s":{"0":1,"1":0,"2":0,"3":0,"4":0,"5":0,"6":0,"7":0,"8":0,"9":0,"10":0,"11":0,"12":0,"13":0,"14":0,"15":0},"f":{"0":0},"b":{"0":[0,0],"1":[0,0],"2":[0,0]},"_coverageSchema":"1a1c01bbd47fc00a2c39e90264f33305004495a9","hash":"e9d7b50b9ba59d298b8a54600fe45406290c2279"}
,"C:\\Users\\caleb\\Documents\\Hacker\\Back-end\\Desafio Final\\desafio-final-gama-academy\\src\\modules\\usuarioController.ts": {"path":"C:\\Users\\caleb\\Documents\\Hacker\\Back-end\\Desafio Final\\desafio-final-gama-academy\\src\\modules\\usuarioController.ts","statementMap":{"0":{"start":{"line":5,"column":26},"end":{"line":81,"column":1}},"1":{"start":{"line":7,"column":46},"end":{"line":7,"column":54}},"2":{"start":{"line":8,"column":28},"end":{"line":8,"column":54}},"3":{"start":{"line":9,"column":8},"end":{"line":19,"column":9}},"4":{"start":{"line":10,"column":31},"end":{"line":15,"column":14}},"5":{"start":{"line":16,"column":12},"end":{"line":16,"column":52}},"6":{"start":{"line":18,"column":12},"end":{"line":18,"column":80}},"7":{"start":{"line":23,"column":8},"end":{"line":28,"column":9}},"8":{"start":{"line":24,"column":29},"end":{"line":24,"column":49}},"9":{"start":{"line":25,"column":12},"end":{"line":25,"column":38}},"10":{"start":{"line":27,"column":12},"end":{"line":27,"column":77}},"11":{"start":{"line":32,"column":23},"end":{"line":32,"column":33}},"12":{"start":{"line":33,"column":29},"end":{"line":33,"column":55}},"13":{"start":{"line":34,"column":8},"end":{"line":36,"column":9}},"14":{"start":{"line":35,"column":12},"end":{"line":35,"column":61}},"15":{"start":{"line":37,"column":8},"end":{"line":42,"column":9}},"16":{"start":{"line":38,"column":28},"end":{"line":38,"column":54}},"17":{"start":{"line":39,"column":12},"end":{"line":39,"column":36}},"18":{"start":{"line":41,"column":12},"end":{"line":41,"column":77}},"19":{"start":{"line":46,"column":23},"end":{"line":46,"column":33}},"20":{"start":{"line":47,"column":31},"end":{"line":47,"column":39}},"21":{"start":{"line":48,"column":29},"end":{"line":48,"column":55}},"22":{"start":{"line":49,"column":8},"end":{"line":51,"column":9}},"23":{"start":{"line":50,"column":12},"end":{"line":50,"column":61}},"24":{"start":{"line":52,"column":8},"end":{"line":65,"column":9}},"25":{"start":{"line":53,"column":12},"end":{"line":61,"column":15}},"26":{"start":{"line":62,"column":12},"end":{"line":62,"column":67}},"27":{"start":{"line":64,"column":12},"end":{"line":64,"column":77}},"28":{"start":{"line":69,"column":23},"end":{"line":69,"column":33}},"29":{"start":{"line":70,"column":29},"end":{"line":70,"column":55}},"30":{"start":{"line":71,"column":8},"end":{"line":73,"column":9}},"31":{"start":{"line":72,"column":12},"end":{"line":72,"column":61}},"32":{"start":{"line":74,"column":8},"end":{"line":79,"column":9}},"33":{"start":{"line":75,"column":12},"end":{"line":75,"column":48}},"34":{"start":{"line":76,"column":12},"end":{"line":76,"column":60}},"35":{"start":{"line":78,"column":12},"end":{"line":78,"column":76}}},"fnMap":{"0":{"name":"(anonymous_0)","decl":{"start":{"line":6,"column":4},"end":{"line":6,"column":5}},"loc":{"start":{"line":6,"column":46},"end":{"line":20,"column":5}},"line":6},"1":{"name":"(anonymous_1)","decl":{"start":{"line":22,"column":4},"end":{"line":22,"column":5}},"loc":{"start":{"line":22,"column":47},"end":{"line":29,"column":5}},"line":22},"2":{"name":"(anonymous_2)","decl":{"start":{"line":31,"column":4},"end":{"line":31,"column":5}},"loc":{"start":{"line":31,"column":47},"end":{"line":43,"column":5}},"line":31},"3":{"name":"(anonymous_3)","decl":{"start":{"line":45,"column":4},"end":{"line":45,"column":5}},"loc":{"start":{"line":45,"column":46},"end":{"line":66,"column":5}},"line":45},"4":{"name":"(anonymous_4)","decl":{"start":{"line":68,"column":4},"end":{"line":68,"column":5}},"loc":{"start":{"line":68,"column":46},"end":{"line":80,"column":5}},"line":68}},"branchMap":{"0":{"loc":{"start":{"line":34,"column":8},"end":{"line":36,"column":9}},"type":"if","locations":[{"start":{"line":34,"column":8},"end":{"line":36,"column":9}},{"start":{},"end":{}}],"line":34},"1":{"loc":{"start":{"line":49,"column":8},"end":{"line":51,"column":9}},"type":"if","locations":[{"start":{"line":49,"column":8},"end":{"line":51,"column":9}},{"start":{},"end":{}}],"line":49},"2":{"loc":{"start":{"line":71,"column":8},"end":{"line":73,"column":9}},"type":"if","locations":[{"start":{"line":71,"column":8},"end":{"line":73,"column":9}},{"start":{},"end":{}}],"line":71}},"s":{"0":1,"1":0,"2":0,"3":0,"4":0,"5":0,"6":0,"7":0,"8":0,"9":0,"10":0,"11":0,"12":0,"13":0,"14":0,"15":0,"16":0,"17":0,"18":0,"19":0,"20":0,"21":0,"22":0,"23":0,"24":0,"25":0,"26":0,"27":0,"28":0,"29":0,"30":0,"31":0,"32":0,"33":0,"34":0,"35":0},"f":{"0":0,"1":0,"2":0,"3":0,"4":0},"b":{"0":[0,0],"1":[0,0],"2":[0,0]},"_coverageSchema":"1a1c01bbd47fc00a2c39e90264f33305004495a9","hash":"88076070c4c46b6b02e8be9169161c62436c0d2b"}
,"C:\\Users\\caleb\\Documents\\Hacker\\Back-end\\Desafio Final\\desafio-final-gama-academy\\src\\routes\\index.ts": {"path":"C:\\Users\\caleb\\Documents\\Hacker\\Back-end\\Desafio Final\\desafio-final-gama-academy\\src\\routes\\index.ts","statementMap":{"0":{"start":{"line":21,"column":15},"end":{"line":21,"column":23}},"1":{"start":{"line":23,"column":0},"end":{"line":23,"column":60}},"2":{"start":{"line":25,"column":0},"end":{"line":25,"column":80}},"3":{"start":{"line":27,"column":0},"end":{"line":27,"column":69}},"4":{"start":{"line":28,"column":0},"end":{"line":28,"column":80}},"5":{"start":{"line":29,"column":0},"end":{"line":29,"column":86}},"6":{"start":{"line":30,"column":0},"end":{"line":30,"column":85}},"7":{"start":{"line":31,"column":0},"end":{"line":31,"column":86}},"8":{"start":{"line":33,"column":0},"end":{"line":33,"column":121}},"9":{"start":{"line":34,"column":0},"end":{"line":34,"column":54}},"10":{"start":{"line":35,"column":0},"end":{"line":35,"column":58}},"11":{"start":{"line":36,"column":0},"end":{"line":36,"column":124}},"12":{"start":{"line":37,"column":0},"end":{"line":37,"column":90}},"13":{"start":{"line":39,"column":0},"end":{"line":39,"column":93}},"14":{"start":{"line":40,"column":0},"end":{"line":40,"column":46}},"15":{"start":{"line":41,"column":0},"end":{"line":41,"column":50}},"16":{"start":{"line":42,"column":0},"end":{"line":42,"column":92}},"17":{"start":{"line":43,"column":0},"end":{"line":43,"column":82}},"18":{"start":{"line":45,"column":0},"end":{"line":45,"column":93}},"19":{"start":{"line":46,"column":0},"end":{"line":46,"column":62}},"20":{"start":{"line":47,"column":0},"end":{"line":47,"column":66}},"21":{"start":{"line":48,"column":0},"end":{"line":48,"column":79}},"22":{"start":{"line":49,"column":0},"end":{"line":49,"column":82}},"23":{"start":{"line":51,"column":0},"end":{"line":51,"column":82}},"24":{"start":{"line":52,"column":0},"end":{"line":52,"column":64}},"25":{"start":{"line":53,"column":0},"end":{"line":53,"column":68}},"26":{"start":{"line":54,"column":0},"end":{"line":54,"column":67}},"27":{"start":{"line":55,"column":0},"end":{"line":55,"column":70}}},"fnMap":{},"branchMap":{},"s":{"0":1,"1":1,"2":1,"3":1,"4":1,"5":1,"6":1,"7":1,"8":1,"9":1,"10":1,"11":1,"12":1,"13":1,"14":1,"15":1,"16":1,"17":1,"18":1,"19":1,"20":1,"21":1,"22":1,"23":1,"24":1,"25":1,"26":1,"27":1},"f":{},"b":{},"_coverageSchema":"1a1c01bbd47fc00a2c39e90264f33305004495a9","hash":"1aeec842fd645cfcfd2d656ef8fce9431880ec49"}
,"C:\\Users\\caleb\\Documents\\Hacker\\Back-end\\Desafio Final\\desafio-final-gama-academy\\src\\validations\\auth\\login.ts": {"path":"C:\\Users\\caleb\\Documents\\Hacker\\Back-end\\Desafio Final\\desafio-final-gama-academy\\src\\validations\\auth\\login.ts","statementMap":{"0":{"start":{"line":4,"column":24},"end":{"line":9,"column":2}}},"fnMap":{},"branchMap":{},"s":{"0":1},"f":{},"b":{},"_coverageSchema":"1a1c01bbd47fc00a2c39e90264f33305004495a9","hash":"098238b69cef82dc6e99b7383cb505669f23dd7a"}
,"C:\\Users\\caleb\\Documents\\Hacker\\Back-end\\Desafio Final\\desafio-final-gama-academy\\src\\validations\\categorias\\createCategorias.ts": {"path":"C:\\Users\\caleb\\Documents\\Hacker\\Back-end\\Desafio Final\\desafio-final-gama-academy\\src\\validations\\categorias\\createCategorias.ts","statementMap":{"0":{"start":{"line":4,"column":28},"end":{"line":8,"column":2}}},"fnMap":{},"branchMap":{},"s":{"0":1},"f":{},"b":{},"_coverageSchema":"1a1c01bbd47fc00a2c39e90264f33305004495a9","hash":"f7a549fb17adff9a2c766b65c4a5eebe5da331ea"}
,"C:\\Users\\caleb\\Documents\\Hacker\\Back-end\\Desafio Final\\desafio-final-gama-academy\\src\\validations\\cupom\\createCupom.ts": {"path":"C:\\Users\\caleb\\Documents\\Hacker\\Back-end\\Desafio Final\\desafio-final-gama-academy\\src\\validations\\cupom\\createCupom.ts","statementMap":{"0":{"start":{"line":4,"column":24},"end":{"line":9,"column":2}}},"fnMap":{},"branchMap":{},"s":{"0":1},"f":{},"b":{},"_coverageSchema":"1a1c01bbd47fc00a2c39e90264f33305004495a9","hash":"d8a522623151aac66d2ce128d97505798bfc3920"}
,"C:\\Users\\caleb\\Documents\\Hacker\\Back-end\\Desafio Final\\desafio-final-gama-academy\\src\\validations\\livros\\createLivro.ts": {"path":"C:\\Users\\caleb\\Documents\\Hacker\\Back-end\\Desafio Final\\desafio-final-gama-academy\\src\\validations\\livros\\createLivro.ts","statementMap":{"0":{"start":{"line":4,"column":24},"end":{"line":13,"column":2}}},"fnMap":{},"branchMap":{},"s":{"0":1},"f":{},"b":{},"_coverageSchema":"1a1c01bbd47fc00a2c39e90264f33305004495a9","hash":"04bdb4afaead9a3e0f273a94859e4e9aefa6a3d8"}
,"C:\\Users\\caleb\\Documents\\Hacker\\Back-end\\Desafio Final\\desafio-final-gama-academy\\src\\validations\\livros\\updateLivro.ts": {"path":"C:\\Users\\caleb\\Documents\\Hacker\\Back-end\\Desafio Final\\desafio-final-gama-academy\\src\\validations\\livros\\updateLivro.ts","statementMap":{"0":{"start":{"line":4,"column":20},"end":{"line":13,"column":2}}},"fnMap":{},"branchMap":{},"s":{"0":1},"f":{},"b":{},"_coverageSchema":"1a1c01bbd47fc00a2c39e90264f33305004495a9","hash":"75f32fe7a3c826fcdfd154b28808835409793c5e"}
,"C:\\Users\\caleb\\Documents\\Hacker\\Back-end\\Desafio Final\\desafio-final-gama-academy\\src\\validations\\pedidos\\createPedido.ts": {"path":"C:\\Users\\caleb\\Documents\\Hacker\\Back-end\\Desafio Final\\desafio-final-gama-academy\\src\\validations\\pedidos\\createPedido.ts","statementMap":{"0":{"start":{"line":4,"column":25},"end":{"line":11,"column":2}}},"fnMap":{},"branchMap":{},"s":{"0":1},"f":{},"b":{},"_coverageSchema":"1a1c01bbd47fc00a2c39e90264f33305004495a9","hash":"dbaf40325d45306794bb37bebcb5545b2b12efdf"}
,"C:\\Users\\caleb\\Documents\\Hacker\\Back-end\\Desafio Final\\desafio-final-gama-academy\\src\\validations\\usuario\\createUsuario.ts": {"path":"C:\\Users\\caleb\\Documents\\Hacker\\Back-end\\Desafio Final\\desafio-final-gama-academy\\src\\validations\\usuario\\createUsuario.ts","statementMap":{"0":{"start":{"line":4,"column":26},"end":{"line":11,"column":2}}},"fnMap":{},"branchMap":{},"s":{"0":1},"f":{},"b":{},"_coverageSchema":"1a1c01bbd47fc00a2c39e90264f33305004495a9","hash":"1ba9325aac2f532e5fbf91fc8ae249c9d1bbf789"}
}
